c:\users\t013882e\downloads\physics & ai framework - v1.1\physics & ai framework - v1.1\physics & ai framework - uploadable\debug\vc120.pdb
c:\users\t013882e\downloads\physics & ai framework - v1.1\physics & ai framework - v1.1\physics & ai framework - uploadable\debug\vc120.idb
c:\users\t013882e\downloads\physics & ai framework - v1.1\physics & ai framework - v1.1\physics & ai framework - uploadable\debug\transform.obj
c:\users\t013882e\downloads\physics & ai framework - v1.1\physics & ai framework - v1.1\physics & ai framework - uploadable\debug\planeparticlemodel.obj
c:\users\t013882e\downloads\physics & ai framework - v1.1\physics & ai framework - v1.1\physics & ai framework - uploadable\debug\particlemodel.obj
c:\users\t013882e\downloads\physics & ai framework - v1.1\physics & ai framework - v1.1\physics & ai framework - uploadable\debug\objloader.obj
c:\users\t013882e\downloads\physics & ai framework - v1.1\physics & ai framework - v1.1\physics & ai framework - uploadable\debug\gameobject.obj
c:\users\t013882e\downloads\physics & ai framework - v1.1\physics & ai framework - v1.1\physics & ai framework - uploadable\debug\main.obj
c:\users\t013882e\downloads\physics & ai framework - v1.1\physics & ai framework - v1.1\physics & ai framework - uploadable\debug\ddstextureloader.obj
c:\users\t013882e\downloads\physics & ai framework - v1.1\physics & ai framework - v1.1\physics & ai framework - uploadable\debug\carparticlemodel.obj
c:\users\t013882e\downloads\physics & ai framework - v1.1\physics & ai framework - v1.1\physics & ai framework - uploadable\debug\camera.obj
c:\users\t013882e\downloads\physics & ai framework - v1.1\physics & ai framework - v1.1\physics & ai framework - uploadable\debug\application.obj
c:\users\t013882e\downloads\physics & ai framework - v1.1\physics & ai framework - v1.1\physics & ai framework - uploadable\debug\appearance.obj
c:\users\t013882e\downloads\physics & ai framework - v1.1\physics & ai framework - v1.1\physics & ai framework - uploadable\debug\plane.obj
c:\users\t013882e\downloads\physics & ai framework - v1.1\physics & ai framework - v1.1\physics & ai framework - uploadable\debug\dx11 framework.cso
c:\users\t013882e\downloads\physics & ai framework - v1.1\physics & ai framework - v1.1\physics & ai framework - uploadable\debug\dx11 framework.ilk
c:\users\t013882e\downloads\physics & ai framework - v1.1\physics & ai framework - v1.1\physics & ai framework - uploadable\debug\dx11 framework.exe
c:\users\t013882e\downloads\physics & ai framework - v1.1\physics & ai framework - v1.1\physics & ai framework - uploadable\debug\dx11 framework.pdb
c:\users\t013882e\downloads\physics & ai framework - v1.1\physics & ai framework - v1.1\physics & ai framework - uploadable\debug\dx11 framework.res
c:\users\t013882e\downloads\physics & ai framework - v1.1\physics & ai framework - v1.1\physics & ai framework - uploadable\debug\dx11 framework.tlog\cl.command.1.tlog
c:\users\t013882e\downloads\physics & ai framework - v1.1\physics & ai framework - v1.1\physics & ai framework - uploadable\debug\dx11 framework.tlog\cl.read.1.tlog
c:\users\t013882e\downloads\physics & ai framework - v1.1\physics & ai framework - v1.1\physics & ai framework - uploadable\debug\dx11 framework.tlog\cl.write.1.tlog
c:\users\t013882e\downloads\physics & ai framework - v1.1\physics & ai framework - v1.1\physics & ai framework - uploadable\debug\dx11 framework.tlog\dx11 framework.write.1u.tlog
c:\users\t013882e\downloads\physics & ai framework - v1.1\physics & ai framework - v1.1\physics & ai framework - uploadable\debug\dx11 framework.tlog\link.command.1.tlog
c:\users\t013882e\downloads\physics & ai framework - v1.1\physics & ai framework - v1.1\physics & ai framework - uploadable\debug\dx11 framework.tlog\link.read.1.tlog
c:\users\t013882e\downloads\physics & ai framework - v1.1\physics & ai framework - v1.1\physics & ai framework - uploadable\debug\dx11 framework.tlog\link.write.1.tlog
c:\users\t013882e\downloads\physics & ai framework - v1.1\physics & ai framework - v1.1\physics & ai framework - uploadable\debug\dx11 framework.tlog\rc.command.1.tlog
c:\users\t013882e\downloads\physics & ai framework - v1.1\physics & ai framework - v1.1\physics & ai framework - uploadable\debug\dx11 framework.tlog\rc.read.1.tlog
c:\users\t013882e\downloads\physics & ai framework - v1.1\physics & ai framework - v1.1\physics & ai framework - uploadable\debug\dx11 framework.tlog\rc.write.1.tlog
